[20:11:39] [INIT] KubeJS 2001.6.5-build.16; MC 2001 forge
[20:11:39] [INIT] Loaded plugins:
[20:11:39] [INIT] - dev.latvian.mods.kubejs.forge.BuiltinKubeJSForgePlugin
[20:11:39] [INIT] - dev.latvian.mods.kubejs.forge.BuiltinKubeJSForgeClientPlugin
[20:11:39] [INIT] - pie.ilikepiefoo.kubejsoffline.OfflinePlugin
[20:11:39] [INIT] - dev.latvian.mods.kubejs.create.KubeJSCreatePlugin
[20:11:39] [INIT] - snownee.lychee.compat.kubejs.LycheeKubeJSPlugin
[20:11:39] [INFO] Loaded script server_scripts:tags.js in 0.001 s
[20:11:39] [INFO] Loaded script server_scripts:entity_hurt.js in 0.0 s
[20:11:39] [INFO] Loaded script server_scripts:player_tick.js in 0.0 s
[20:11:39] [INFO] Loaded script server_scripts:server_load.js in 0.001 s
[20:11:39] [INFO] Loaded script server_scripts:recipes/recipes.js in 0.0 s
[20:11:39] [INFO] Loaded script server_scripts:recipes/create/pressing.js in 0.0 s
[20:11:39] [INFO] Loaded script server_scripts:recipes/create/compacting.js in 0.0 s
[20:11:39] [INFO] Loaded script server_scripts:recipes/create/sequence.js in 0.0 s
[20:11:39] [INFO] Loaded script server_scripts:recipes/lychee/item_inside.js in 0.001 s
[20:11:39] [INFO] Loaded 9/9 KubeJS server scripts in 0.007 s with 0 errors and 0 warnings
[20:11:39] [INFO] Scripts loaded
[20:11:39] [INFO] Initializing recipe event...
[20:11:39] [INFO] [minecraft:worldgen/flat_level_generator_preset] Found 1 tags, added 1 objects, removed 9 objects
[20:11:39] [INFO] Processing recipes...
[20:11:39] [INFO] Found 2377 recipes in 15.19 ms
[20:11:39] [INFO] Posted recipe events in 1.704 ms
[20:11:39] [INFO] Added 5 recipes, removed 2377 recipes, modified 0 recipes, with 0 failed recipes in 665.2 μs
[20:11:40] [INFO] Server resource reload complete!
